<?xml version="1.0" encoding="UTF-8" ?>
<!--
  Copyright 2013 Corporate Semantic Web, Freie Universitaet Berlin
  
  This file is part of the Coporate Semantic Web Project.
  
  This work has been partially supported by the "InnoProfile-Corporate Semantic Web" project funded by the German Federal
  Ministry of Education and Research (BMBF) and the BMBF Innovation Initiative for the New German Laender - Entrepreneurial Regions.
  
  http://www.corporate-semantic-web.de/
  
  
  Freie Universitaet Berlin
  Copyright (c) 2007-2013
  
  
  Institut fuer Informatik
  Working Group Coporate Semantic Web
  Koenigin-Luise-Strasse 24-26
  14195 Berlin
  
  http://www.mi.fu-berlin.de/en/inf/groups/ag-csw/
  
  
  Licensed under the Apache License, Version 2.0 (the "License");
  you may not use this file except in compliance with the License.
  You may obtain a copy of the License at
  
    http://www.apache.org/licenses/LICENSE-2.0
  
  Unless required by applicable law or agreed to in writing, software
  distributed under the License is distributed on an "AS IS" BASIS,
  WITHOUT WARRANTIES OR CONDITIONS OF ANY KIND, either express or implied.
  See the License for the specific language governing permissions and
  limitations under the License.
-->
<testsuite failures="0" time="0.016" errors="0" skipped="0" tests="1" name="de.csw.MvnOnt.AppTest">
  <properties>
    <property name="java.runtime.name" value="Java(TM) SE Runtime Environment"/>
    <property name="sun.boot.library.path" value="C:\Program Files\Java\jdk1.7.0_09\jre\bin"/>
    <property name="java.vm.version" value="23.5-b02"/>
    <property name="java.vm.vendor" value="Oracle Corporation"/>
    <property name="java.vendor.url" value="http://java.oracle.com/"/>
    <property name="path.separator" value=";"/>
    <property name="guice.disable.misplaced.annotation.check" value="true"/>
    <property name="java.vm.name" value="Java HotSpot(TM) Client VM"/>
    <property name="file.encoding.pkg" value="sun.io"/>
    <property name="user.script" value=""/>
    <property name="user.country" value="DE"/>
    <property name="sun.java.launcher" value="SUN_STANDARD"/>
    <property name="sun.os.patch.level" value="Service Pack 2"/>
    <property name="java.vm.specification.name" value="Java Virtual Machine Specification"/>
    <property name="user.dir" value="C:\Users\zehra\diplom_workspace\diplom_maven\Testimport"/>
    <property name="java.runtime.version" value="1.7.0_09-b05"/>
    <property name="java.awt.graphicsenv" value="sun.awt.Win32GraphicsEnvironment"/>
    <property name="java.endorsed.dirs" value="C:\Program Files\Java\jdk1.7.0_09\jre\lib\endorsed"/>
    <property name="os.arch" value="x86"/>
    <property name="java.io.tmpdir" value="C:\Users\zehra\AppData\Local\Temp\"/>
    <property name="line.separator" value="
"/>
    <property name="java.vm.specification.vendor" value="Oracle Corporation"/>
    <property name="user.variant" value=""/>
    <property name="os.name" value="Windows Vista"/>
    <property name="classworlds.conf" value="C:\Maven\apache-maven-3.0.4\bin\m2.conf"/>
    <property name="sun.jnu.encoding" value="Cp1252"/>
    <property name="java.library.path" value="C:\Program Files\Java\jdk1.7.0_09\bin;C:\Windows\Sun\Java\bin;C:\Windows\system32;C:\Windows;C:\texmf\miktex\bin;C:\Windows\system32;C:\Windows;C:\Windows\System32\Wbem;C:\Program Files\TortoiseSVN\bin;c:\mspgcc\bin;C:\Program Files\doxygen\bin;C:\MinGW\bin;C:\Program Files\QuickTime\QTSystem\;C:\Users\alihaydar\Documents\eclipse\eclipse-java-ganymede-SR1-win32\eclipse\plugins\org.apache.ant_1.7.0.v200803061910\bin;C:\glassfishv3\glassfish\bin;C:\Maven\apache-maven-3.0.4\bin;C:\Program Files\Java\jdk1.7.0_09\bin;C:\Program Files\Subversion\bin;."/>
    <property name="java.specification.name" value="Java Platform API Specification"/>
    <property name="java.class.version" value="51.0"/>
    <property name="sun.management.compiler" value="HotSpot Client Compiler"/>
    <property name="os.version" value="6.0"/>
    <property name="user.home" value="C:\Users\zehra"/>
    <property name="user.timezone" value="Europe/Berlin"/>
    <property name="java.awt.printerjob" value="sun.awt.windows.WPrinterJob"/>
    <property name="java.specification.version" value="1.7"/>
    <property name="file.encoding" value="Cp1252"/>
    <property name="user.name" value="zehra"/>
    <property name="java.class.path" value="C:\Maven\apache-maven-3.0.4\boot\plexus-classworlds-2.4.jar"/>
    <property name="java.vm.specification.version" value="1.7"/>
    <property name="sun.arch.data.model" value="32"/>
    <property name="java.home" value="C:\Program Files\Java\jdk1.7.0_09\jre"/>
    <property name="sun.java.command" value="org.codehaus.plexus.classworlds.launcher.Launcher package"/>
    <property name="java.specification.vendor" value="Oracle Corporation"/>
    <property name="user.language" value="de"/>
    <property name="awt.toolkit" value="sun.awt.windows.WToolkit"/>
    <property name="java.vm.info" value="mixed mode, sharing"/>
    <property name="java.version" value="1.7.0_09"/>
    <property name="java.ext.dirs" value="C:\Program Files\Java\jdk1.7.0_09\jre\lib\ext;C:\Windows\Sun\Java\lib\ext"/>
    <property name="sun.boot.class.path" value="C:\Program Files\Java\jdk1.7.0_09\jre\lib\resources.jar;C:\Program Files\Java\jdk1.7.0_09\jre\lib\rt.jar;C:\Program Files\Java\jdk1.7.0_09\jre\lib\sunrsasign.jar;C:\Program Files\Java\jdk1.7.0_09\jre\lib\jsse.jar;C:\Program Files\Java\jdk1.7.0_09\jre\lib\jce.jar;C:\Program Files\Java\jdk1.7.0_09\jre\lib\charsets.jar;C:\Program Files\Java\jdk1.7.0_09\jre\lib\jfr.jar;C:\Program Files\Java\jdk1.7.0_09\jre\classes"/>
    <property name="java.vendor" value="Oracle Corporation"/>
    <property name="maven.home" value="C:\Maven\apache-maven-3.0.4"/>
    <property name="file.separator" value="\"/>
    <property name="java.vendor.url.bug" value="http://bugreport.sun.com/bugreport/"/>
    <property name="sun.cpu.endian" value="little"/>
    <property name="sun.io.unicode.encoding" value="UnicodeLittle"/>
    <property name="sun.desktop" value="windows"/>
    <property name="sun.cpu.isalist" value="pentium_pro+mmx pentium_pro pentium+mmx pentium i486 i386 i86"/>
  </properties>
  <testcase time="0" classname="de.csw.MvnOnt.AppTest" name="testApp"/>
</testsuite>
